<?xml version="1.0" encoding="UTF-8"?>
<!-- Generated by org.testng.reporters.JUnitXMLReporter -->
<testsuite ignored="2" hostname="INHNJLPT-978508" failures="0" tests="8" name="Regression" time="16.8" errors="0" timestamp="2023-08-23T16:57:50 IST">
  <testcase classname="test.com.traceFleet.LoginTest" name="loginWithValidCredentials" time="4.34"/>
  <testcase classname="test.com.traceFleet.LoginTest" name="wrongEmailTest" time="0.638"/>
  <testcase classname="test.com.traceFleet.LoginTest" name="wrongPasswordTest" time="0.656"/>
  <testcase classname="test.com.traceFleet.LoginTest" name="wrongEmailPasswordTest" time="0.354"/>
  <testcase classname="test.com.traceFleet.LoginTest" name="forgotPasswordLinkTest" time="0.207"/>
  <testcase classname="test.com.traceFleet.LoginTest" name="backToSignInLinkTest" time="0.158"/>
  <testcase classname="test.com.traceFleet.DashboardTest" name="loginWithValidCredentials" time="1.284"/>
  <testcase classname="test.com.traceFleet.DashboardTest" name="allCountryList" time="1.781"/>
  <testcase classname="test.com.traceFleet.DriverSetup" name="@BeforeSuite setupClass" time="0.0">
    <ignored/>
  </testcase> <!-- @BeforeSuite setupClass -->
  <testcase classname="test.com.traceFleet.DriverSetup" name="@BeforeSuite setupClass" time="0.0">
    <ignored/>
  </testcase> <!-- @BeforeSuite setupClass -->
</testsuite> <!-- Regression -->
